<?xml version="1.0" encoding="UTF-8"?>
<testsuite name="com.drawing.model.ShapeTest" tests="8" skipped="0" failures="0" errors="0" timestamp="2025-12-08T10:21:04.625Z" hostname="DESKTOP-AMGQNF9" time="0.022">
  <properties/>
  <testcase name="testParabolaCreation()" classname="com.drawing.model.ShapeTest" time="0.003"/>
  <testcase name="testCircleCreation()" classname="com.drawing.model.ShapeTest" time="0.002"/>
  <testcase name="testRectangleCreation()" classname="com.drawing.model.ShapeTest" time="0.002"/>
  <testcase name="testTriangleCreation()" classname="com.drawing.model.ShapeTest" time="0.001"/>
  <testcase name="testTrapezoidCreation()" classname="com.drawing.model.ShapeTest" time="0.002"/>
  <testcase name="testShapeColorAndLineWidth()" classname="com.drawing.model.ShapeTest" time="0.001"/>
  <testcase name="testPointDistance()" classname="com.drawing.model.ShapeTest" time="0.001"/>
  <testcase name="testLineCreation()" classname="com.drawing.model.ShapeTest" time="0.002"/>
  <system-out><![CDATA[]]></system-out>
  <system-err><![CDATA[]]></system-err>
</testsuite>
