<?xml version="1.0" encoding="UTF-8"?>
<testsuite name="com.drawing.generator.ParameterValidatorTest" tests="6" skipped="0" failures="0" errors="0" timestamp="2025-12-08T10:21:04.597Z" hostname="DESKTOP-AMGQNF9" time="0.023">
  <properties/>
  <testcase name="testInvalidGridSize()" classname="com.drawing.generator.ParameterValidatorTest" time="0.003"/>
  <testcase name="testInvalidCoordinates()" classname="com.drawing.generator.ParameterValidatorTest" time="0.003"/>
  <testcase name="testInvalidDensity()" classname="com.drawing.generator.ParameterValidatorTest" time="0.001"/>
  <testcase name="testInvalidShapeCount()" classname="com.drawing.generator.ParameterValidatorTest" time="0.002"/>
  <testcase name="testValidateValidParameters()" classname="com.drawing.generator.ParameterValidatorTest" time="0.004"/>
  <testcase name="testValidateNullParameters()" classname="com.drawing.generator.ParameterValidatorTest" time="0.002"/>
  <system-out><![CDATA[]]></system-out>
  <system-err><![CDATA[]]></system-err>
</testsuite>
